<?xml version="1.0" encoding="UTF-8"?>
<!-- Generated by org.testng.reporters.JUnitXMLReporter -->
<testsuite ignored="0" hostname="Mohamed-Derbala-LP" failures="0" tests="2" name="Test" time="17.924" errors="0" timestamp="2024-06-19T04:04:17 EEST">
  <testcase classname="tests.FileIsUploadedSucessfullyTest" name="userCanUploadFileSuccessfully" time="1.43"/>
  <testcase classname="tests.DynamicLoadingIsCompletedSucessfullyTest" name="dynamicLoadingIsCompletedSucessfully" time="5.719"/>
</testsuite> <!-- Test -->
